{"/home/blessed/Projects/Courses/Branas/sls-training/src/factories/s3/index.js": {"path":"/home/blessed/Projects/Courses/Branas/sls-training/src/factories/s3/index.js","statementMap":{"0":{"start":{"line":1,"column":12},"end":{"line":1,"column":30}},"1":{"start":{"line":3,"column":17},"end":{"line":6,"column":1}},"2":{"start":{"line":8,"column":13},"end":{"line":8,"column":55}},"3":{"start":{"line":9,"column":0},"end":{"line":9,"column":59}},"4":{"start":{"line":12,"column":11},"end":{"line":12,"column":31}},"5":{"start":{"line":13,"column":0},"end":{"line":13,"column":35}},"6":{"start":{"line":15,"column":0},"end":{"line":17,"column":1}}},"fnMap":{},"branchMap":{"0":{"loc":{"start":{"line":8,"column":13},"end":{"line":8,"column":55}},"type":"binary-expr","locations":[{"start":{"line":8,"column":13},"end":{"line":8,"column":40}},{"start":{"line":8,"column":44},"end":{"line":8,"column":55}}],"line":8}},"s":{"0":1,"1":1,"2":1,"3":1,"4":1,"5":1,"6":1},"f":{},"b":{"0":[1,1]},"_coverageSchema":"1a1c01bbd47fc00a2c39e90264f33305004495a9","hash":"3897089b365f45c083a467c0702fb7293513d024"}
,"/home/blessed/Projects/Courses/Branas/sls-training/src/functions/hello/index.js": {"path":"/home/blessed/Projects/Courses/Branas/sls-training/src/functions/hello/index.js","statementMap":{"0":{"start":{"line":1,"column":15},"end":{"line":1,"column":44}},"1":{"start":{"line":3,"column":0},"end":{"line":16,"column":2}},"2":{"start":{"line":5,"column":21},"end":{"line":5,"column":53}},"3":{"start":{"line":6,"column":2},"end":{"line":15,"column":4}}},"fnMap":{"0":{"name":"(anonymous_0)","decl":{"start":{"line":3,"column":22},"end":{"line":3,"column":23}},"loc":{"start":{"line":3,"column":39},"end":{"line":16,"column":1}},"line":3}},"branchMap":{},"s":{"0":1,"1":1,"2":1,"3":1},"f":{"0":1},"b":{},"_coverageSchema":"1a1c01bbd47fc00a2c39e90264f33305004495a9","hash":"3108b3ffcaf9e5e2ed5d5f860f979469959cad0a"}
}
